#! /opt/homebrew/Cellar/icarus-verilog/12.0/bin/vvp
:ivl_version "12.0 (stable)";
:ivl_delay_selection "TYPICAL";
:vpi_time_precision + 0;
:vpi_module "/opt/homebrew/Cellar/icarus-verilog/12.0/lib/ivl/system.vpi";
:vpi_module "/opt/homebrew/Cellar/icarus-verilog/12.0/lib/ivl/vhdl_sys.vpi";
:vpi_module "/opt/homebrew/Cellar/icarus-verilog/12.0/lib/ivl/vhdl_textio.vpi";
:vpi_module "/opt/homebrew/Cellar/icarus-verilog/12.0/lib/ivl/v2005_math.vpi";
:vpi_module "/opt/homebrew/Cellar/icarus-verilog/12.0/lib/ivl/va_math.vpi";
S_0x102b9cc80 .scope module, "rat" "rat" 2 1;
 .timescale 0 0;
    .port_info 0 /INPUT 1 "clk";
    .port_info 1 /INPUT 1 "reset";
    .port_info 2 /INPUT 5 "rs1_0";
    .port_info 3 /INPUT 5 "rs2_0";
    .port_info 4 /INPUT 5 "rd_0";
    .port_info 5 /INPUT 5 "rs1_1";
    .port_info 6 /INPUT 5 "rs2_1";
    .port_info 7 /INPUT 5 "rd_1";
    .port_info 8 /OUTPUT 6 "prs1_0";
    .port_info 9 /OUTPUT 6 "prs2_0";
    .port_info 10 /OUTPUT 6 "prd_0";
    .port_info 11 /OUTPUT 6 "prs1_1";
    .port_info 12 /OUTPUT 6 "prs2_1";
    .port_info 13 /OUTPUT 6 "prd_1";
L_0x102ba6f30 .functor BUFZ 6, L_0x102ba6e90, C4<000000>, C4<000000>, C4<000000>;
L_0x102ba7040 .functor BUFZ 6, L_0x102ba6fa0, C4<000000>, C4<000000>, C4<000000>;
L_0x102ba70b0 .functor BUFZ 6, v0xc030643c0_0, C4<000000>, C4<000000>, C4<000000>;
L_0x102ba7120 .functor BUFZ 6, L_0xc02c38000, C4<000000>, C4<000000>, C4<000000>;
L_0x102ba7190 .functor BUFZ 6, L_0xc02c380a0, C4<000000>, C4<000000>, C4<000000>;
v0x102b9ce70_0 .net *"_ivl_0", 5 0, L_0x102ba6e90;  1 drivers
v0x102ba6930_0 .net *"_ivl_10", 6 0, L_0xc03064e60;  1 drivers
L_0xc02854058 .functor BUFT 1, C4<00>, C4<0>, C4<0>, C4<0>;
v0x102ba69d0_0 .net *"_ivl_13", 1 0, L_0xc02854058;  1 drivers
v0x102ba6a70_0 .net *"_ivl_18", 5 0, L_0xc02c38000;  1 drivers
v0x102ba6b10_0 .net *"_ivl_2", 6 0, L_0xc03064dc0;  1 drivers
v0x102ba6bb0_0 .net *"_ivl_20", 6 0, L_0xc03064f00;  1 drivers
L_0xc028540a0 .functor BUFT 1, C4<00>, C4<0>, C4<0>, C4<0>;
v0x102ba6c50_0 .net *"_ivl_23", 1 0, L_0xc028540a0;  1 drivers
v0x102ba6cf0_0 .net *"_ivl_26", 5 0, L_0xc02c380a0;  1 drivers
v0xc03064000_0 .net *"_ivl_28", 6 0, L_0xc03064fa0;  1 drivers
L_0xc028540e8 .functor BUFT 1, C4<00>, C4<0>, C4<0>, C4<0>;
v0xc030640a0_0 .net *"_ivl_31", 1 0, L_0xc028540e8;  1 drivers
L_0xc02854130 .functor BUFT 1, C4<000001>, C4<0>, C4<0>, C4<0>;
v0xc03064140_0 .net/2u *"_ivl_34", 5 0, L_0xc02854130;  1 drivers
L_0xc02854010 .functor BUFT 1, C4<00>, C4<0>, C4<0>, C4<0>;
v0xc030641e0_0 .net *"_ivl_5", 1 0, L_0xc02854010;  1 drivers
v0xc03064280_0 .net *"_ivl_8", 5 0, L_0x102ba6fa0;  1 drivers
o0xc02820280 .functor BUFZ 1, C4<z>; HiZ drive
v0xc03064320_0 .net "clk", 0 0, o0xc02820280;  0 drivers
v0xc030643c0_0 .var "free_ptr", 5 0;
v0xc03064460_0 .var/i "i", 31 0;
v0xc03064500 .array "map", 31 0, 5 0;
v0xc030645a0_0 .net "prd_0", 5 0, L_0x102ba70b0;  1 drivers
v0xc03064640_0 .net "prd_1", 5 0, L_0x102ba7200;  1 drivers
v0xc030646e0_0 .net "prs1_0", 5 0, L_0x102ba6f30;  1 drivers
v0xc03064780_0 .net "prs1_1", 5 0, L_0x102ba7120;  1 drivers
v0xc03064820_0 .net "prs2_0", 5 0, L_0x102ba7040;  1 drivers
v0xc030648c0_0 .net "prs2_1", 5 0, L_0x102ba7190;  1 drivers
o0xc02820430 .functor BUFZ 5, C4<zzzzz>; HiZ drive
v0xc03064960_0 .net "rd_0", 4 0, o0xc02820430;  0 drivers
o0xc02820460 .functor BUFZ 5, C4<zzzzz>; HiZ drive
v0xc03064a00_0 .net "rd_1", 4 0, o0xc02820460;  0 drivers
o0xc02820490 .functor BUFZ 1, C4<z>; HiZ drive
v0xc03064aa0_0 .net "reset", 0 0, o0xc02820490;  0 drivers
o0xc028204c0 .functor BUFZ 5, C4<zzzzz>; HiZ drive
v0xc03064b40_0 .net "rs1_0", 4 0, o0xc028204c0;  0 drivers
o0xc028204f0 .functor BUFZ 5, C4<zzzzz>; HiZ drive
v0xc03064be0_0 .net "rs1_1", 4 0, o0xc028204f0;  0 drivers
o0xc02820520 .functor BUFZ 5, C4<zzzzz>; HiZ drive
v0xc03064c80_0 .net "rs2_0", 4 0, o0xc02820520;  0 drivers
o0xc02820550 .functor BUFZ 5, C4<zzzzz>; HiZ drive
v0xc03064d20_0 .net "rs2_1", 4 0, o0xc02820550;  0 drivers
E_0x102ba5bf0 .event posedge, v0xc03064aa0_0, v0xc03064320_0;
L_0x102ba6e90 .array/port v0xc03064500, L_0xc03064dc0;
L_0xc03064dc0 .concat [ 5 2 0 0], o0xc028204c0, L_0xc02854010;
L_0x102ba6fa0 .array/port v0xc03064500, L_0xc03064e60;
L_0xc03064e60 .concat [ 5 2 0 0], o0xc02820520, L_0xc02854058;
L_0xc02c38000 .array/port v0xc03064500, L_0xc03064f00;
L_0xc03064f00 .concat [ 5 2 0 0], o0xc028204f0, L_0xc028540a0;
L_0xc02c380a0 .array/port v0xc03064500, L_0xc03064fa0;
L_0xc03064fa0 .concat [ 5 2 0 0], o0xc02820550, L_0xc028540e8;
L_0x102ba7200 .arith/sum 6, v0xc030643c0_0, L_0xc02854130;
    .scope S_0x102b9cc80;
T_0 ;
    %wait E_0x102ba5bf0;
    %load/vec4 v0xc03064aa0_0;
    %flag_set/vec4 8;
    %jmp/0xz  T_0.0, 8;
    %pushi/vec4 0, 0, 32;
    %store/vec4 v0xc03064460_0, 0, 32;
T_0.2 ;
    %load/vec4 v0xc03064460_0;
    %cmpi/s 32, 0, 32;
    %jmp/0xz T_0.3, 5;
    %load/vec4 v0xc03064460_0;
    %pad/s 6;
    %ix/getv/s 3, v0xc03064460_0;
    %ix/load 4, 0, 0; Constant delay
    %assign/vec4/a/d v0xc03064500, 0, 4;
    %load/vec4 v0xc03064460_0;
    %addi 1, 0, 32;
    %store/vec4 v0xc03064460_0, 0, 32;
    %jmp T_0.2;
T_0.3 ;
    %pushi/vec4 32, 0, 6;
    %assign/vec4 v0xc030643c0_0, 0;
    %jmp T_0.1;
T_0.0 ;
    %load/vec4 v0xc03064960_0;
    %pad/u 32;
    %cmpi/ne 0, 0, 32;
    %jmp/0xz  T_0.4, 4;
    %load/vec4 v0xc030643c0_0;
    %load/vec4 v0xc03064960_0;
    %pad/u 7;
    %ix/vec4 3;
    %ix/load 4, 0, 0; Constant delay
    %assign/vec4/a/d v0xc03064500, 0, 4;
    %load/vec4 v0xc030643c0_0;
    %addi 1, 0, 6;
    %assign/vec4 v0xc030643c0_0, 0;
T_0.4 ;
    %load/vec4 v0xc03064a00_0;
    %pad/u 32;
    %cmpi/ne 0, 0, 32;
    %jmp/0xz  T_0.6, 4;
    %load/vec4 v0xc030643c0_0;
    %load/vec4 v0xc03064a00_0;
    %pad/u 7;
    %ix/vec4 3;
    %ix/load 4, 0, 0; Constant delay
    %assign/vec4/a/d v0xc03064500, 0, 4;
    %load/vec4 v0xc030643c0_0;
    %addi 1, 0, 6;
    %assign/vec4 v0xc030643c0_0, 0;
T_0.6 ;
T_0.1 ;
    %jmp T_0;
    .thread T_0;
# The file index is used to find the file name in the following table.
:file_names 3;
    "N/A";
    "<interactive>";
    "rat.v";
